1610379242061	geckodriver	INFO	Listening on 127.0.0.1:62318
1610379245135	mozrunner::runner	INFO	Running command: "C:\\Program Files\\Firefox Developer Edition\\firefox.exe" "--marionette" "-foreground" "-no-remote" "-profile" "C:\\Users\\FORTUN~1\\AppData\\Local\\Temp\\rust_mozprofile0AQeyv"
console.warn: SearchSettings: "get: No settings file exists, new profile?" (new Error("", "(unknown module)"))
console.warn: SearchSettings: "get: No settings file exists, new profile?" (new Error("", "(unknown module)"))
1610379248623	Marionette	INFO	Listening on port 62326
1610379248872	Marionette	WARN	TLS certificate errors will be ignored for this session
1610379248973	Marionette	ERROR	[17] No reply from Marionette:Register
1610379248979	Marionette	INFO	Stopped listening on port 62326
JavaScript error: resource://activity-stream/lib/ASRouter.jsm, line 987: NS_ERROR_ILLEGAL_VALUE: Component returned failure code: 0x80070057 (NS_ERROR_ILLEGAL_VALUE) [nsIObserverService.removeObserver]

###!!! [Child][RunMessage] Error: Channel closing: too late to send/recv, messages will be lost

1610379271788	geckodriver	INFO	Listening on 127.0.0.1:62358
1610379274847	mozrunner::runner	INFO	Running command: "C:\\Program Files\\Firefox Developer Edition\\firefox.exe" "--marionette" "-foreground" "-no-remote" "-profile" "C:\\Users\\FORTUN~1\\AppData\\Local\\Temp\\rust_mozprofileCBHYP7"
console.warn: SearchSettings: "get: No settings file exists, new profile?" (new Error("", "(unknown module)"))
console.warn: SearchSettings: "get: No settings file exists, new profile?" (new Error("", "(unknown module)"))
1610379278009	Marionette	INFO	Listening on port 62369
1610379278092	Marionette	WARN	TLS certificate errors will be ignored for this session
1610379278104	Marionette	ERROR	[17] No reply from Marionette:Register
1610379284570	Marionette	INFO	Stopped listening on port 62369

###!!! [Child][RunMessage] Error: Channel closing: too late to send/recv, messages will be lost

1610379339916	geckodriver	INFO	Listening on 127.0.0.1:62421
1610379342970	mozrunner::runner	INFO	Running command: "C:\\Program Files\\Firefox Developer Edition\\firefox.exe" "--marionette" "-foreground" "-no-remote" "-profile" "C:\\Users\\FORTUN~1\\AppData\\Local\\Temp\\rust_mozprofileptPGKO"
console.warn: SearchSettings: "get: No settings file exists, new profile?" (new Error("", "(unknown module)"))
1610379346143	Marionette	INFO	Listening on port 62429
console.warn: SearchSettings: "get: No settings file exists, new profile?" (new Error("", "(unknown module)"))
1610379346217	Marionette	WARN	TLS certificate errors will be ignored for this session
1610379346233	Marionette	ERROR	[17] No reply from Marionette:Register
1610379352726	Marionette	INFO	Stopped listening on port 62429

###!!! [Child][RunMessage] Error: Channel closing: too late to send/recv, messages will be lost

1610379471056	geckodriver	INFO	Listening on 127.0.0.1:62492
1610379474143	mozrunner::runner	INFO	Running command: "C:\\Program Files\\Firefox Developer Edition\\firefox.exe" "--marionette" "-foreground" "-no-remote" "-profile" "C:\\Users\\FORTUN~1\\AppData\\Local\\Temp\\rust_mozprofilekmrUIB"
console.warn: SearchSettings: "get: No settings file exists, new profile?" (new Error("", "(unknown module)"))
console.warn: SearchSettings: "get: No settings file exists, new profile?" (new Error("", "(unknown module)"))
1610379477409	Marionette	INFO	Listening on port 62500
1610379477880	Marionette	WARN	TLS certificate errors will be ignored for this session
1610379477892	Marionette	ERROR	[17] No reply from Marionette:Register
1610379484360	Marionette	INFO	Stopped listening on port 62500

###!!! [Child][RunMessage] Error: Channel closing: too late to send/recv, messages will be lost

1610379551630	geckodriver	INFO	Listening on 127.0.0.1:62553
1610379554691	mozrunner::runner	INFO	Running command: "C:\\Program Files\\Firefox Developer Edition\\firefox.exe" "--marionette" "-foreground" "-no-remote" "-profile" "C:\\Users\\FORTUN~1\\AppData\\Local\\Temp\\rust_mozprofilepBJCG9"
console.warn: SearchSettings: "get: No settings file exists, new profile?" (new Error("", "(unknown module)"))
1610379557879	Marionette	INFO	Listening on port 62561
console.warn: SearchSettings: "get: No settings file exists, new profile?" (new Error("", "(unknown module)"))
1610379557952	Marionette	WARN	TLS certificate errors will be ignored for this session
1610379557964	Marionette	ERROR	[17] No reply from Marionette:Register
1610379564409	Marionette	INFO	Stopped listening on port 62561

###!!! [Child][RunMessage] Error: Channel closing: too late to send/recv, messages will be lost

1610379682051	geckodriver	INFO	Listening on 127.0.0.1:62632
1610379685115	mozrunner::runner	INFO	Running command: "C:\\Program Files\\Firefox Developer Edition\\firefox.exe" "--marionette" "-foreground" "-no-remote" "-profile" "C:\\Users\\FORTUN~1\\AppData\\Local\\Temp\\rust_mozprofileh8jQU6"
console.warn: SearchSettings: "get: No settings file exists, new profile?" (new Error("", "(unknown module)"))
1610379688326	Marionette	INFO	Listening on port 62640
console.warn: SearchSettings: "get: No settings file exists, new profile?" (new Error("", "(unknown module)"))
1610379688838	Marionette	WARN	TLS certificate errors will be ignored for this session
1610379688851	Marionette	ERROR	[17] No reply from Marionette:Register
1610379693306	Marionette	INFO	Stopped listening on port 62640

###!!! [Child][RunMessage] Error: Channel closing: too late to send/recv, messages will be lost

1610379864008	geckodriver	INFO	Listening on 127.0.0.1:62815
1610379867131	mozrunner::runner	INFO	Running command: "C:\\Program Files\\Firefox Developer Edition\\firefox.exe" "--marionette" "-foreground" "-no-remote" "-profile" "C:\\Users\\FORTUN~1\\AppData\\Local\\Temp\\rust_mozprofileIxQZWh"
console.warn: SearchSettings: "get: No settings file exists, new profile?" (new Error("", "(unknown module)"))
1610379871361	Marionette	INFO	Listening on port 62823
console.warn: SearchSettings: "get: No settings file exists, new profile?" (new Error("", "(unknown module)"))
1610379871417	Marionette	WARN	TLS certificate errors will be ignored for this session
1610379871437	Marionette	ERROR	[17] No reply from Marionette:Register
1610379871647	Marionette	INFO	Stopped listening on port 62823
JavaScript error: resource://activity-stream/lib/ASRouter.jsm, line 987: NS_ERROR_ILLEGAL_VALUE: Component returned failure code: 0x80070057 (NS_ERROR_ILLEGAL_VALUE) [nsIObserverService.removeObserver]
console.error: services.settings: 
  main/cfr-fxa Signature failed  TypeError: NetworkError when attempting to fetch resource.
JavaScript error: resource://gre/modules/AsyncShutdown.jsm, line 716: Error: Phase "profile-before-change" is finished, it is too late to register completion condition "ContentParent: id=23988419000"
JavaScript error: resource://gre/modules/AsyncShutdown.jsm, line 716: Error: Phase "profile-before-change" is finished, it is too late to register completion condition "ContentParent: id=23988419800"

###!!! [Child][RunMessage] Error: Channel closing: too late to send/recv, messages will be lost

1610379889349	geckodriver	INFO	Listening on 127.0.0.1:62860
1610379892397	mozrunner::runner	INFO	Running command: "C:\\Program Files\\Firefox Developer Edition\\firefox.exe" "--marionette" "-foreground" "-no-remote" "-profile" "C:\\Users\\FORTUN~1\\AppData\\Local\\Temp\\rust_mozprofile0Fgn7L"
console.warn: SearchSettings: "get: No settings file exists, new profile?" (new Error("", "(unknown module)"))
console.warn: SearchSettings: "get: No settings file exists, new profile?" (new Error("", "(unknown module)"))
1610379896062	Marionette	INFO	Listening on port 62868
1610379896132	Marionette	WARN	TLS certificate errors will be ignored for this session
1610379896147	Marionette	ERROR	[17] No reply from Marionette:Register
1610379995227	Marionette	INFO	Stopped listening on port 62868

###!!! [Child][RunMessage] Error: Channel closing: too late to send/recv, messages will be lost

1610380014427	geckodriver	INFO	Listening on 127.0.0.1:62922
1610380017515	mozrunner::runner	INFO	Running command: "C:\\Program Files\\Firefox Developer Edition\\firefox.exe" "--marionette" "-foreground" "-no-remote" "-profile" "C:\\Users\\FORTUN~1\\AppData\\Local\\Temp\\rust_mozprofileMprxSS"
console.warn: SearchSettings: "get: No settings file exists, new profile?" (new Error("", "(unknown module)"))
1610380020691	Marionette	INFO	Listening on port 62930
1610380020747	Marionette	WARN	TLS certificate errors will be ignored for this session
1610380020763	Marionette	ERROR	[17] No reply from Marionette:Register
console.warn: SearchSettings: "get: No settings file exists, new profile?" (new Error("", "(unknown module)"))
[Child 2540, IPC I/O Child] WARNING: pipe error: 232: file /builds/worker/checkouts/gecko/ipc/chromium/src/chrome/common/ipc_channel_win.cc:545
[Child 2540, IPC I/O Child] WARNING: pipe error: 232: file /builds/worker/checkouts/gecko/ipc/chromium/src/chrome/common/ipc_channel_win.cc:545
1610380026053	Marionette	INFO	Stopped listening on port 62930

###!!! [Child][RunMessage] Error: Channel closing: too late to send/recv, messages will be lost

1610380034788	geckodriver	INFO	Listening on 127.0.0.1:62984
1610380037841	mozrunner::runner	INFO	Running command: "C:\\Program Files\\Firefox Developer Edition\\firefox.exe" "--marionette" "-foreground" "-no-remote" "-profile" "C:\\Users\\FORTUN~1\\AppData\\Local\\Temp\\rust_mozprofilezkALRV"
console.warn: SearchSettings: "get: No settings file exists, new profile?" (new Error("", "(unknown module)"))
1610380040956	Marionette	INFO	Listening on port 62993
console.warn: SearchSettings: "get: No settings file exists, new profile?" (new Error("", "(unknown module)"))
1610380041055	Marionette	WARN	TLS certificate errors will be ignored for this session
1610380041069	Marionette	ERROR	[17] No reply from Marionette:Register
[Child 26920, IPC I/O Child] WARNING: pipe error: 232: file /builds/worker/checkouts/gecko/ipc/chromium/src/chrome/common/ipc_channel_win.cc:545
1610380063264	Marionette	INFO	Stopped listening on port 62993
[Parent 23252, IPC I/O Parent] WARNING: file /builds/worker/checkouts/gecko/ipc/chromium/src/base/process_util_win.cc:167

###!!! [Child][RunMessage] Error: Channel closing: too late to send/recv, messages will be lost

1610380086092	geckodriver	INFO	Listening on 127.0.0.1:63047
1610380089144	mozrunner::runner	INFO	Running command: "C:\\Program Files\\Firefox Developer Edition\\firefox.exe" "--marionette" "-foreground" "-no-remote" "-profile" "C:\\Users\\FORTUN~1\\AppData\\Local\\Temp\\rust_mozprofileNmj2D9"
console.warn: SearchSettings: "get: No settings file exists, new profile?" (new Error("", "(unknown module)"))
1610380092314	Marionette	INFO	Listening on port 63055
console.warn: SearchSettings: "get: No settings file exists, new profile?" (new Error("", "(unknown module)"))
1610380092371	Marionette	WARN	TLS certificate errors will be ignored for this session
1610380092384	Marionette	ERROR	[21] No reply from Marionette:Register
1610380092521	Marionette	INFO	Stopped listening on port 63055
JavaScript error: resource://activity-stream/lib/ASRouter.jsm, line 987: NS_ERROR_ILLEGAL_VALUE: Component returned failure code: 0x80070057 (NS_ERROR_ILLEGAL_VALUE) [nsIObserverService.removeObserver]

###!!! [Child][RunMessage] Error: Channel closing: too late to send/recv, messages will be lost

1610381464038	geckodriver	INFO	Listening on 127.0.0.1:63373
1610381467117	mozrunner::runner	INFO	Running command: "C:\\Program Files\\Firefox Developer Edition\\firefox.exe" "--marionette" "-foreground" "-no-remote" "-profile" "C:\\Users\\FORTUN~1\\AppData\\Local\\Temp\\rust_mozprofile9mJHbB"
console.warn: SearchSettings: "get: No settings file exists, new profile?" (new Error("", "(unknown module)"))
1610381470223	Marionette	INFO	Listening on port 63381
console.warn: SearchSettings: "get: No settings file exists, new profile?" (new Error("", "(unknown module)"))
1610381470335	Marionette	WARN	TLS certificate errors will be ignored for this session
1610381470346	Marionette	ERROR	[17] No reply from Marionette:Register
1610381534385	Marionette	INFO	Stopped listening on port 63381

###!!! [Child][RunMessage] Error: Channel closing: too late to send/recv, messages will be lost

efox.exe" "--marionette" "-foreground" "-no-remote" "-profile" "C:\\Users\\FORTUN~1\\AppData\\Local\\Temp\\rust_mozprofileV5jyCI"
console.warn: SearchSettings: "get: No settings file exists, new profile?" (new Error("", "(unknown module)"))
console.warn: SearchSettings: "get: No settings file exists, new profile?" (new Error("", "(unknown module)"))
1610381531139	Marionette	INFO	Listening on port 63457
1610381531198	Marionette	WARN	TLS certificate errors will be ignored for this session
1610381531219	Marionette	ERROR	[17] No reply from Marionette:Register
1610381531422	Marionette	INFO	Stopped listening on port 63457
JavaScript error: resource://activity-stream/lib/ASRouter.jsm, line 987: NS_ERROR_ILLEGAL_VALUE: Component returned failure code: 0x80070057 (NS_ERROR_ILLEGAL_VALUE) [nsIObserverService.removeObserver]

###!!! [Child][RunMessage] Error: Channel closing: too late to send/recv, messages will be lost

1610381532772	geckodriver	INFO	Listening on 127.0.0.1:63502
1610381535819	mozrunner::runner	INFO	Running command: "C:\\Program Files\\Firefox Developer Edition\\firefox.exe" "--marionette" "-foreground" "-no-remote" "-profile" "C:\\Users\\FORTUN~1\\AppData\\Local\\Temp\\rust_mozprofileuCvaDf"
console.warn: SearchSettings: "get: No settings file exists, new profile?" (new Error("", "(unknown module)"))
console.warn: SearchSettings: "get: No settings file exists, new profile?" (new Error("", "(unknown module)"))
1610381539158	Marionette	INFO	Listening on port 63512
1610381539525	Marionette	WARN	TLS certificate errors will be ignored for this session
1610381539538	Marionette	ERROR	[17] No reply from Marionette:Register
1610381539676	Marionette	INFO	Stopped listening on port 63512
JavaScript error: resource://activity-stream/lib/ASRouter.jsm, line 987: NS_ERROR_ILLEGAL_VALUE: Component returned failure code: 0x80070057 (NS_ERROR_ILLEGAL_VALUE) [nsIObserverService.removeObserver]
console.error: services.settings: 
  main/partitioning-exempt-urls Signature failed  TypeError: NetworkError when attempting to fetch resource.
console.error: services.settings: 
  main/whats-new-panel Signature failed  TypeError: NetworkError when attempting to fetch resource.

###!!! [Child][RunMessage] Error: Channel closing: too late to send/recv, messages will be lost

1610453688623	geckodriver	INFO	Listening on 127.0.0.1:53554
1610453691712	mozrunner::runner	INFO	Running command: "C:\\Program Files\\Firefox Developer Edition\\firefox.exe" "--marionette" "-foreground" "-no-remote" "-profile" "C:\\Users\\FORTUN~1\\AppData\\Local\\Temp\\rust_mozprofileuNwiXj"
console.warn: SearchSettings: "get: No settings file exists, new profile?" (new Error("", "(unknown module)"))
console.warn: SearchSettings: "get: No settings file exists, new profile?" (new Error("", "(unknown module)"))
1610453696192	Marionette	INFO	Listening on port 53562
1610453696653	Marionette	WARN	TLS certificate errors will be ignored for this session
1610453696665	Marionette	ERROR	[21] No reply from Marionette:Register
1610453696952	Marionette	INFO	Stopped listening on port 53562

###!!! [Child][RunMessage] Error: Channel closing: too late to send/recv, messages will be lost

1610453697875	geckodriver	INFO	Listening on 127.0.0.1:53597
1610453700912	mozrunner::runner	INFO	Running command: "C:\\Program Files\\Firefox Developer Edition\\firefox.exe" "--marionette" "-foreground" "-no-remote" "-profile" "C:\\Users\\FORTUN~1\\AppData\\Local\\Temp\\rust_mozprofilex55ilw"
console.warn: SearchSettings: "get: No settings file exists, new profile?" (new Error("", "(unknown module)"))
1610453704179	Marionette	INFO	Listening on port 53605
console.warn: SearchSettings: "get: No settings file exists, new profile?" (new Error("", "(unknown module)"))
1610453704632	Marionette	WARN	TLS certificate errors will be ignored for this session
1610453704643	Marionette	ERROR	[17] No reply from Marionette:Register
1610453704739	Marionette	INFO	Stopped listening on port 53605
console.warn: services.settings: main/partitioning-exempt-urls sync interrupted by shutdown

###!!! [Child][RunMessage] Error: Channel closing: too late to send/recv, messages will be lost

1610453824582	geckodriver	INFO	Listening on 127.0.0.1:53659
1610453827659	mozrunner::runner	INFO	Running command: "C:\\Program Files\\Firefox Developer Edition\\firefox.exe" "--marionette" "-foreground" "-no-remote" "-profile" "C:\\Users\\FORTUN~1\\AppData\\Local\\Temp\\rust_mozprofilexY82xm"
console.warn: SearchSettings: "get: No settings file exists, new profile?" (new Error("", "(unknown module)"))
1610453830739	Marionette	INFO	Listening on port 53669
1610453830872	Marionette	WARN	TLS certificate errors will be ignored for this session
1610453830885	Marionette	ERROR	[17] No reply from Marionette:Register
console.warn: SearchSettings: "get: No settings file exists, new profile?" (new Error("", "(unknown module)"))
1610453831159	Marionette	INFO	Stopped listening on port 53669
JavaScript error: resource://activity-stream/lib/ASRouter.jsm, line 987: NS_ERROR_ILLEGAL_VALUE: Component returned failure code: 0x80070057 (NS_ERROR_ILLEGAL_VALUE) [nsIObserverService.removeObserver]
console.error: services.settings: 
  main/fxmonitor-breaches Signature failed  Error: Shutdown, aborting read-only worker requests.
console.error: services.settings: 
  main/message-groups Signature failed  Error: Shutdown, aborting read-only worker requests.
console.error: services.settings: 
  main/partitioning-exempt-urls Signature failed  Error: Shutdown, aborting read-only worker requests.

###!!! [Child][RunMessage] Error: Channel closing: too late to send/recv, messages will be lost

1610453831953	geckodriver	INFO	Listening on 127.0.0.1:53698
1610453835011	mozrunner::runner	INFO	Running command: "C:\\Program Files\\Firefox Developer Edition\\firefox.exe" "--marionette" "-foreground" "-no-remote" "-profile" "C:\\Users\\FORTUN~1\\AppData\\Local\\Temp\\rust_mozprofileYtkAin"
console.warn: SearchSettings: "get: No settings file exists, new profile?" (new Error("", "(unknown module)"))
console.warn: SearchSettings: "get: No settings file exists, new profile?" (new Error("", "(unknown module)"))
1610453838348	Marionette	INFO	Listening on port 53706
1610453838729	Marionette	WARN	TLS certificate errors will be ignored for this session
1610453838741	Marionette	ERROR	[17] No reply from Marionette:Register
1610453838836	Marionette	INFO	Stopped listening on port 53706
JavaScript error: resource://activity-stream/lib/ASRouter.jsm, line 987: NS_ERROR_ILLEGAL_VALUE: Component returned failure code: 0x80070057 (NS_ERROR_ILLEGAL_VALUE) [nsIObserverService.removeObserver]
console.warn: services.settings: main/partitioning-exempt-urls sync interrupted by shutdown

###!!! [Child][RunMessage] Error: Channel closing: too late to send/recv, messages will be lost

